<?xml version="1.0" encoding="UTF-8"?>
<testng-results skipped="0" failed="0" ignored="0" total="1" passed="1">
  <reporter-output>
  </reporter-output>
  <suite name="Suite" duration-ms="71952" started-at="2019-06-22T11:58:56Z" finished-at="2019-06-22T12:00:08Z">
    <groups>
    </groups>
    <test name="Test" duration-ms="71952" started-at="2019-06-22T11:58:56Z" finished-at="2019-06-22T12:00:08Z">
      <class name="newelite.Orderplacing">
        <test-method status="PASS" signature="positiveflow()[pri:1, instance:newelite.Orderplacing@29774679]" name="positiveflow" duration-ms="71910" started-at="2019-06-22T11:58:56Z" finished-at="2019-06-22T12:00:08Z">
          <reporter-output>
          </reporter-output>
        </test-method> <!-- positiveflow -->
      </class> <!-- newelite.Orderplacing -->
    </test> <!-- Test -->
  </suite> <!-- Suite -->
</testng-results>
